{"C:\\Users\\Stefan\\Desktop\\webCourses\\week6\\wen\\lab2\\week6-be-workout-v2\\app.js": {"path":"C:\\Users\\Stefan\\Desktop\\webCourses\\week6\\wen\\lab2\\week6-be-workout-v2\\app.js","statementMap":{"0":{"start":{"line":1,"column":15},"end":{"line":1,"column":40}},"1":{"start":{"line":2,"column":16},"end":{"line":2,"column":34}},"2":{"start":{"line":3,"column":17},"end":{"line":3,"column":36}},"3":{"start":{"line":4,"column":13},"end":{"line":4,"column":28}},"4":{"start":{"line":5,"column":22},"end":{"line":5,"column":50}},"5":{"start":{"line":6,"column":19},"end":{"line":6,"column":43}},"6":{"start":{"line":7,"column":15},"end":{"line":7,"column":40}},"7":{"start":{"line":10,"column":12},"end":{"line":10,"column":21}},"8":{"start":{"line":13,"column":0},"end":{"line":13,"column":24}},"9":{"start":{"line":14,"column":0},"end":{"line":14,"column":16}},"10":{"start":{"line":16,"column":0},"end":{"line":19,"column":3}},"11":{"start":{"line":17,"column":2},"end":{"line":17,"column":36}},"12":{"start":{"line":18,"column":2},"end":{"line":18,"column":9}},"13":{"start":{"line":22,"column":0},"end":{"line":22,"column":40}},"14":{"start":{"line":23,"column":0},"end":{"line":23,"column":33}},"15":{"start":{"line":25,"column":0},"end":{"line":27,"column":3}},"16":{"start":{"line":26,"column":2},"end":{"line":26,"column":36}},"17":{"start":{"line":30,"column":0},"end":{"line":30,"column":46}},"18":{"start":{"line":31,"column":0},"end":{"line":38,"column":5}},"19":{"start":{"line":34,"column":4},"end":{"line":34,"column":35}},"20":{"start":{"line":37,"column":4},"end":{"line":37,"column":24}},"21":{"start":{"line":40,"column":0},"end":{"line":40,"column":21}}},"fnMap":{"0":{"name":"(anonymous_0)","decl":{"start":{"line":16,"column":8},"end":{"line":16,"column":9}},"loc":{"start":{"line":16,"column":28},"end":{"line":19,"column":1}},"line":16},"1":{"name":"(anonymous_1)","decl":{"start":{"line":25,"column":13},"end":{"line":25,"column":14}},"loc":{"start":{"line":25,"column":27},"end":{"line":27,"column":1}},"line":25},"2":{"name":"(anonymous_2)","decl":{"start":{"line":33,"column":8},"end":{"line":33,"column":9}},"loc":{"start":{"line":33,"column":14},"end":{"line":35,"column":3}},"line":33},"3":{"name":"(anonymous_3)","decl":{"start":{"line":36,"column":9},"end":{"line":36,"column":10}},"loc":{"start":{"line":36,"column":20},"end":{"line":38,"column":3}},"line":36}},"branchMap":{},"s":{"0":1,"1":1,"2":1,"3":1,"4":1,"5":1,"6":1,"7":1,"8":1,"9":1,"10":1,"11":37,"12":37,"13":1,"14":1,"15":1,"16":0,"17":1,"18":1,"19":1,"20":0,"21":1},"f":{"0":37,"1":0,"2":1,"3":0},"b":{},"meta":{"lastBranch":0,"lastFunction":4,"lastStatement":22,"seen":{"s:1:15:1:40":0,"s:2:16:2:34":1,"s:3:17:3:36":2,"s:4:13:4:28":3,"s:5:22:5:50":4,"s:6:19:6:43":5,"s:7:15:7:40":6,"s:10:12:10:21":7,"s:13:0:13:24":8,"s:14:0:14:16":9,"s:16:0:19:3":10,"f:16:8:16:9":0,"s:17:2:17:36":11,"s:18:2:18:9":12,"s:22:0:22:40":13,"s:23:0:23:33":14,"s:25:0:27:3":15,"f:25:13:25:14":1,"s:26:2:26:36":16,"s:30:0:30:46":17,"s:31:0:38:5":18,"f:33:8:33:9":2,"s:34:4:34:35":19,"f:36:9:36:10":3,"s:37:4:37:24":20,"s:40:0:40:21":21},"fnNames":{}}}
,"C:\\Users\\Stefan\\Desktop\\webCourses\\week6\\wen\\lab2\\week6-be-workout-v2\\controllers\\userController.js": {"path":"C:\\Users\\Stefan\\Desktop\\webCourses\\week6\\wen\\lab2\\week6-be-workout-v2\\controllers\\userController.js","statementMap":{"0":{"start":{"line":1,"column":13},"end":{"line":1,"column":43}},"1":{"start":{"line":2,"column":12},"end":{"line":2,"column":35}},"2":{"start":{"line":4,"column":20},"end":{"line":6,"column":1}},"3":{"start":{"line":5,"column":2},"end":{"line":5,"column":65}},"4":{"start":{"line":9,"column":18},"end":{"line":22,"column":1}},"5":{"start":{"line":10,"column":28},"end":{"line":10,"column":36}},"6":{"start":{"line":12,"column":2},"end":{"line":21,"column":3}},"7":{"start":{"line":13,"column":17},"end":{"line":13,"column":50}},"8":{"start":{"line":16,"column":18},"end":{"line":16,"column":39}},"9":{"start":{"line":18,"column":4},"end":{"line":18,"column":40}},"10":{"start":{"line":20,"column":4},"end":{"line":20,"column":48}},"11":{"start":{"line":25,"column":19},"end":{"line":38,"column":1}},"12":{"start":{"line":26,"column":28},"end":{"line":26,"column":36}},"13":{"start":{"line":28,"column":2},"end":{"line":37,"column":3}},"14":{"start":{"line":29,"column":17},"end":{"line":29,"column":51}},"15":{"start":{"line":32,"column":18},"end":{"line":32,"column":39}},"16":{"start":{"line":34,"column":4},"end":{"line":34,"column":40}},"17":{"start":{"line":36,"column":4},"end":{"line":36,"column":48}},"18":{"start":{"line":40,"column":0},"end":{"line":40,"column":42}}},"fnMap":{"0":{"name":"(anonymous_0)","decl":{"start":{"line":4,"column":20},"end":{"line":4,"column":21}},"loc":{"start":{"line":4,"column":29},"end":{"line":6,"column":1}},"line":4},"1":{"name":"(anonymous_1)","decl":{"start":{"line":9,"column":18},"end":{"line":9,"column":23}},"loc":{"start":{"line":9,"column":38},"end":{"line":22,"column":1}},"line":9},"2":{"name":"(anonymous_2)","decl":{"start":{"line":25,"column":19},"end":{"line":25,"column":24}},"loc":{"start":{"line":25,"column":39},"end":{"line":38,"column":1}},"line":25}},"branchMap":{},"s":{"0":1,"1":1,"2":1,"3":1,"4":1,"5":0,"6":0,"7":0,"8":0,"9":0,"10":0,"11":1,"12":1,"13":1,"14":1,"15":1,"16":1,"17":0,"18":1},"f":{"0":1,"1":0,"2":1},"b":{},"meta":{"lastBranch":0,"lastFunction":3,"lastStatement":19,"seen":{"s:1:13:1:43":0,"s:2:12:2:35":1,"s:4:20:6:1":2,"f:4:20:4:21":0,"s:5:2:5:65":3,"s:9:18:22:1":4,"f:9:18:9:23":1,"s:10:28:10:36":5,"s:12:2:21:3":6,"s:13:17:13:50":7,"s:16:18:16:39":8,"s:18:4:18:40":9,"s:20:4:20:48":10,"s:25:19:38:1":11,"f:25:19:25:24":2,"s:26:28:26:36":12,"s:28:2:37:3":13,"s:29:17:29:51":14,"s:32:18:32:39":15,"s:34:4:34:40":16,"s:36:4:36:48":17,"s:40:0:40:42":18},"fnNames":{}}}
,"C:\\Users\\Stefan\\Desktop\\webCourses\\week6\\wen\\lab2\\week6-be-workout-v2\\controllers\\workoutController.js": {"path":"C:\\Users\\Stefan\\Desktop\\webCourses\\week6\\wen\\lab2\\week6-be-workout-v2\\controllers\\workoutController.js","statementMap":{"0":{"start":{"line":1,"column":16},"end":{"line":1,"column":49}},"1":{"start":{"line":2,"column":17},"end":{"line":2,"column":36}},"2":{"start":{"line":5,"column":20},"end":{"line":11,"column":1}},"3":{"start":{"line":6,"column":18},"end":{"line":6,"column":30}},"4":{"start":{"line":8,"column":19},"end":{"line":8,"column":70}},"5":{"start":{"line":10,"column":2},"end":{"line":10,"column":32}},"6":{"start":{"line":14,"column":19},"end":{"line":28,"column":1}},"7":{"start":{"line":15,"column":17},"end":{"line":15,"column":27}},"8":{"start":{"line":17,"column":2},"end":{"line":19,"column":3}},"9":{"start":{"line":18,"column":4},"end":{"line":18,"column":59}},"10":{"start":{"line":21,"column":18},"end":{"line":21,"column":44}},"11":{"start":{"line":23,"column":2},"end":{"line":25,"column":3}},"12":{"start":{"line":24,"column":4},"end":{"line":24,"column":59}},"13":{"start":{"line":27,"column":2},"end":{"line":27,"column":31}},"14":{"start":{"line":32,"column":22},"end":{"line":58,"column":1}},"15":{"start":{"line":33,"column":30},"end":{"line":33,"column":38}},"16":{"start":{"line":35,"column":20},"end":{"line":35,"column":22}},"17":{"start":{"line":37,"column":2},"end":{"line":39,"column":3}},"18":{"start":{"line":38,"column":4},"end":{"line":38,"column":29}},"19":{"start":{"line":40,"column":2},"end":{"line":42,"column":3}},"20":{"start":{"line":41,"column":4},"end":{"line":41,"column":28}},"21":{"start":{"line":43,"column":2},"end":{"line":45,"column":3}},"22":{"start":{"line":44,"column":4},"end":{"line":44,"column":28}},"23":{"start":{"line":46,"column":2},"end":{"line":48,"column":3}},"24":{"start":{"line":47,"column":4},"end":{"line":47,"column":88}},"25":{"start":{"line":51,"column":2},"end":{"line":57,"column":3}},"26":{"start":{"line":52,"column":20},"end":{"line":52,"column":32}},"27":{"start":{"line":53,"column":20},"end":{"line":53,"column":70}},"28":{"start":{"line":54,"column":4},"end":{"line":54,"column":33}},"29":{"start":{"line":56,"column":4},"end":{"line":56,"column":48}},"30":{"start":{"line":61,"column":22},"end":{"line":75,"column":1}},"31":{"start":{"line":62,"column":17},"end":{"line":62,"column":27}},"32":{"start":{"line":64,"column":2},"end":{"line":66,"column":3}},"33":{"start":{"line":65,"column":4},"end":{"line":65,"column":59}},"34":{"start":{"line":68,"column":18},"end":{"line":68,"column":59}},"35":{"start":{"line":70,"column":2},"end":{"line":72,"column":3}},"36":{"start":{"line":71,"column":4},"end":{"line":71,"column":59}},"37":{"start":{"line":74,"column":2},"end":{"line":74,"column":31}},"38":{"start":{"line":78,"column":22},"end":{"line":94,"column":1}},"39":{"start":{"line":79,"column":17},"end":{"line":79,"column":27}},"40":{"start":{"line":81,"column":2},"end":{"line":83,"column":3}},"41":{"start":{"line":82,"column":4},"end":{"line":82,"column":59}},"42":{"start":{"line":85,"column":18},"end":{"line":87,"column":4}},"43":{"start":{"line":89,"column":2},"end":{"line":91,"column":3}},"44":{"start":{"line":90,"column":4},"end":{"line":90,"column":59}},"45":{"start":{"line":93,"column":2},"end":{"line":93,"column":31}},"46":{"start":{"line":97,"column":0},"end":{"line":103,"column":1}}},"fnMap":{"0":{"name":"(anonymous_0)","decl":{"start":{"line":5,"column":20},"end":{"line":5,"column":25}},"loc":{"start":{"line":5,"column":40},"end":{"line":11,"column":1}},"line":5},"1":{"name":"(anonymous_1)","decl":{"start":{"line":14,"column":19},"end":{"line":14,"column":24}},"loc":{"start":{"line":14,"column":39},"end":{"line":28,"column":1}},"line":14},"2":{"name":"(anonymous_2)","decl":{"start":{"line":32,"column":22},"end":{"line":32,"column":27}},"loc":{"start":{"line":32,"column":42},"end":{"line":58,"column":1}},"line":32},"3":{"name":"(anonymous_3)","decl":{"start":{"line":61,"column":22},"end":{"line":61,"column":27}},"loc":{"start":{"line":61,"column":42},"end":{"line":75,"column":1}},"line":61},"4":{"name":"(anonymous_4)","decl":{"start":{"line":78,"column":22},"end":{"line":78,"column":27}},"loc":{"start":{"line":78,"column":42},"end":{"line":94,"column":1}},"line":78}},"branchMap":{"0":{"loc":{"start":{"line":17,"column":2},"end":{"line":19,"column":3}},"type":"if","locations":[{"start":{"line":17,"column":2},"end":{"line":19,"column":3}},{"start":{},"end":{}}],"line":17},"1":{"loc":{"start":{"line":23,"column":2},"end":{"line":25,"column":3}},"type":"if","locations":[{"start":{"line":23,"column":2},"end":{"line":25,"column":3}},{"start":{},"end":{}}],"line":23},"2":{"loc":{"start":{"line":37,"column":2},"end":{"line":39,"column":3}},"type":"if","locations":[{"start":{"line":37,"column":2},"end":{"line":39,"column":3}},{"start":{},"end":{}}],"line":37},"3":{"loc":{"start":{"line":40,"column":2},"end":{"line":42,"column":3}},"type":"if","locations":[{"start":{"line":40,"column":2},"end":{"line":42,"column":3}},{"start":{},"end":{}}],"line":40},"4":{"loc":{"start":{"line":43,"column":2},"end":{"line":45,"column":3}},"type":"if","locations":[{"start":{"line":43,"column":2},"end":{"line":45,"column":3}},{"start":{},"end":{}}],"line":43},"5":{"loc":{"start":{"line":46,"column":2},"end":{"line":48,"column":3}},"type":"if","locations":[{"start":{"line":46,"column":2},"end":{"line":48,"column":3}},{"start":{},"end":{}}],"line":46},"6":{"loc":{"start":{"line":64,"column":2},"end":{"line":66,"column":3}},"type":"if","locations":[{"start":{"line":64,"column":2},"end":{"line":66,"column":3}},{"start":{},"end":{}}],"line":64},"7":{"loc":{"start":{"line":70,"column":2},"end":{"line":72,"column":3}},"type":"if","locations":[{"start":{"line":70,"column":2},"end":{"line":72,"column":3}},{"start":{},"end":{}}],"line":70},"8":{"loc":{"start":{"line":81,"column":2},"end":{"line":83,"column":3}},"type":"if","locations":[{"start":{"line":81,"column":2},"end":{"line":83,"column":3}},{"start":{},"end":{}}],"line":81},"9":{"loc":{"start":{"line":89,"column":2},"end":{"line":91,"column":3}},"type":"if","locations":[{"start":{"line":89,"column":2},"end":{"line":91,"column":3}},{"start":{},"end":{}}],"line":89}},"s":{"0":1,"1":1,"2":1,"3":10,"4":10,"5":10,"6":1,"7":3,"8":3,"9":0,"10":3,"11":3,"12":1,"13":2,"14":1,"15":18,"16":18,"17":2,"18":2,"19":1,"20":1,"21":0,"22":0,"23":18,"24":2,"25":16,"26":16,"27":16,"28":16,"29":0,"30":2,"31":2,"32":2,"33":0,"34":2,"35":0,"36":0,"37":2,"38":2,"39":2,"40":2,"41":0,"42":2,"43":0,"44":0,"45":2,"46":1},"f":{"0":10,"1":3,"2":18,"3":2,"4":2},"b":{"0":[0,3],"1":[1,2],"2":[2,0],"3":[1,0],"4":[0,0],"5":[2,16],"6":[0,2],"7":[0,0],"8":[0,2],"9":[0,0]},"meta":{"lastBranch":10,"lastFunction":5,"lastStatement":47,"seen":{"s:1:16:1:49":0,"s:2:17:2:36":1,"s:5:20:11:1":2,"f:5:20:5:25":0,"s:6:18:6:30":3,"s:8:19:8:70":4,"s:10:2:10:32":5,"s:14:19:28:1":6,"f:14:19:14:24":1,"s:15:17:15:27":7,"b:17:2:19:3:undefined:undefined:undefined:undefined":0,"s:17:2:19:3":8,"s:18:4:18:59":9,"s:21:18:21:44":10,"b:23:2:25:3:undefined:undefined:undefined:undefined":1,"s:23:2:25:3":11,"s:24:4:24:59":12,"s:27:2:27:31":13,"s:32:22:58:1":14,"f:32:22:32:27":2,"s:33:30:33:38":15,"s:35:20:35:22":16,"b:37:2:39:3:undefined:undefined:undefined:undefined":2,"s:37:2:39:3":17,"s:38:4:38:29":18,"b:40:2:42:3:undefined:undefined:undefined:undefined":3,"s:40:2:42:3":19,"s:41:4:41:28":20,"b:43:2:45:3:undefined:undefined:undefined:undefined":4,"s:43:2:45:3":21,"s:44:4:44:28":22,"b:46:2:48:3:undefined:undefined:undefined:undefined":5,"s:46:2:48:3":23,"s:47:4:47:88":24,"s:51:2:57:3":25,"s:52:20:52:32":26,"s:53:20:53:70":27,"s:54:4:54:33":28,"s:56:4:56:48":29,"s:61:22:75:1":30,"f:61:22:61:27":3,"s:62:17:62:27":31,"b:64:2:66:3:undefined:undefined:undefined:undefined":6,"s:64:2:66:3":32,"s:65:4:65:59":33,"s:68:18:68:59":34,"b:70:2:72:3:undefined:undefined:undefined:undefined":7,"s:70:2:72:3":35,"s:71:4:71:59":36,"s:74:2:74:31":37,"s:78:22:94:1":38,"f:78:22:78:27":4,"s:79:17:79:27":39,"b:81:2:83:3:undefined:undefined:undefined:undefined":8,"s:81:2:83:3":40,"s:82:4:82:59":41,"s:85:18:87:4":42,"b:89:2:91:3:undefined:undefined:undefined:undefined":9,"s:89:2:91:3":43,"s:90:4:90:59":44,"s:93:2:93:31":45,"s:97:0:103:1":46},"fnNames":{}}}
,"C:\\Users\\Stefan\\Desktop\\webCourses\\week6\\wen\\lab2\\week6-be-workout-v2\\middleware\\requireAuth.js": {"path":"C:\\Users\\Stefan\\Desktop\\webCourses\\week6\\wen\\lab2\\week6-be-workout-v2\\middleware\\requireAuth.js","statementMap":{"0":{"start":{"line":1,"column":12},"end":{"line":1,"column":35}},"1":{"start":{"line":2,"column":13},"end":{"line":2,"column":43}},"2":{"start":{"line":4,"column":20},"end":{"line":24,"column":1}},"3":{"start":{"line":6,"column":28},"end":{"line":6,"column":39}},"4":{"start":{"line":8,"column":2},"end":{"line":10,"column":3}},"5":{"start":{"line":9,"column":4},"end":{"line":9,"column":72}},"6":{"start":{"line":12,"column":16},"end":{"line":12,"column":43}},"7":{"start":{"line":14,"column":2},"end":{"line":23,"column":3}},"8":{"start":{"line":15,"column":20},"end":{"line":15,"column":57}},"9":{"start":{"line":17,"column":4},"end":{"line":17,"column":56}},"10":{"start":{"line":18,"column":4},"end":{"line":18,"column":10}},"11":{"start":{"line":21,"column":4},"end":{"line":21,"column":22}},"12":{"start":{"line":22,"column":4},"end":{"line":22,"column":62}},"13":{"start":{"line":26,"column":0},"end":{"line":26,"column":28}}},"fnMap":{"0":{"name":"(anonymous_0)","decl":{"start":{"line":4,"column":20},"end":{"line":4,"column":25}},"loc":{"start":{"line":4,"column":46},"end":{"line":24,"column":1}},"line":4}},"branchMap":{"0":{"loc":{"start":{"line":8,"column":2},"end":{"line":10,"column":3}},"type":"if","locations":[{"start":{"line":8,"column":2},"end":{"line":10,"column":3}},{"start":{},"end":{}}],"line":8}},"s":{"0":1,"1":1,"2":1,"3":36,"4":36,"5":1,"6":35,"7":35,"8":35,"9":35,"10":35,"11":0,"12":0,"13":1},"f":{"0":36},"b":{"0":[1,35]},"meta":{"lastBranch":1,"lastFunction":1,"lastStatement":14,"seen":{"s:1:12:1:35":0,"s:2:13:2:43":1,"s:4:20:24:1":2,"f:4:20:4:25":0,"s:6:28:6:39":3,"b:8:2:10:3:undefined:undefined:undefined:undefined":0,"s:8:2:10:3":4,"s:9:4:9:72":5,"s:12:16:12:43":6,"s:14:2:23:3":7,"s:15:20:15:57":8,"s:17:4:17:56":9,"s:18:4:18:10":10,"s:21:4:21:22":11,"s:22:4:22:62":12,"s:26:0:26:28":13},"fnNames":{}}}
,"C:\\Users\\Stefan\\Desktop\\webCourses\\week6\\wen\\lab2\\week6-be-workout-v2\\models\\userModel.js": {"path":"C:\\Users\\Stefan\\Desktop\\webCourses\\week6\\wen\\lab2\\week6-be-workout-v2\\models\\userModel.js","statementMap":{"0":{"start":{"line":1,"column":17},"end":{"line":1,"column":36}},"1":{"start":{"line":2,"column":15},"end":{"line":2,"column":34}},"2":{"start":{"line":3,"column":18},"end":{"line":3,"column":38}},"3":{"start":{"line":5,"column":15},"end":{"line":5,"column":30}},"4":{"start":{"line":7,"column":19},"end":{"line":17,"column":2}},"5":{"start":{"line":20,"column":0},"end":{"line":45,"column":1}},"6":{"start":{"line":23,"column":2},"end":{"line":25,"column":3}},"7":{"start":{"line":24,"column":4},"end":{"line":24,"column":44}},"8":{"start":{"line":26,"column":2},"end":{"line":28,"column":3}},"9":{"start":{"line":27,"column":4},"end":{"line":27,"column":34}},"10":{"start":{"line":29,"column":2},"end":{"line":31,"column":3}},"11":{"start":{"line":30,"column":4},"end":{"line":30,"column":45}},"12":{"start":{"line":33,"column":17},"end":{"line":33,"column":46}},"13":{"start":{"line":35,"column":2},"end":{"line":37,"column":3}},"14":{"start":{"line":36,"column":4},"end":{"line":36,"column":39}},"15":{"start":{"line":39,"column":15},"end":{"line":39,"column":39}},"16":{"start":{"line":40,"column":15},"end":{"line":40,"column":48}},"17":{"start":{"line":42,"column":15},"end":{"line":42,"column":59}},"18":{"start":{"line":44,"column":2},"end":{"line":44,"column":13}},"19":{"start":{"line":48,"column":0},"end":{"line":65,"column":1}},"20":{"start":{"line":50,"column":2},"end":{"line":52,"column":3}},"21":{"start":{"line":51,"column":4},"end":{"line":51,"column":44}},"22":{"start":{"line":54,"column":15},"end":{"line":54,"column":44}},"23":{"start":{"line":55,"column":2},"end":{"line":57,"column":3}},"24":{"start":{"line":56,"column":4},"end":{"line":56,"column":34}},"25":{"start":{"line":59,"column":16},"end":{"line":59,"column":61}},"26":{"start":{"line":60,"column":2},"end":{"line":62,"column":3}},"27":{"start":{"line":61,"column":4},"end":{"line":61,"column":37}},"28":{"start":{"line":64,"column":2},"end":{"line":64,"column":13}},"29":{"start":{"line":67,"column":0},"end":{"line":67,"column":51}}},"fnMap":{"0":{"name":"(anonymous_0)","decl":{"start":{"line":20,"column":28},"end":{"line":20,"column":33}},"loc":{"start":{"line":20,"column":60},"end":{"line":45,"column":1}},"line":20},"1":{"name":"(anonymous_1)","decl":{"start":{"line":48,"column":27},"end":{"line":48,"column":32}},"loc":{"start":{"line":48,"column":59},"end":{"line":65,"column":1}},"line":48}},"branchMap":{"0":{"loc":{"start":{"line":23,"column":2},"end":{"line":25,"column":3}},"type":"if","locations":[{"start":{"line":23,"column":2},"end":{"line":25,"column":3}},{"start":{},"end":{}}],"line":23},"1":{"loc":{"start":{"line":23,"column":6},"end":{"line":23,"column":25}},"type":"binary-expr","locations":[{"start":{"line":23,"column":6},"end":{"line":23,"column":12}},{"start":{"line":23,"column":16},"end":{"line":23,"column":25}}],"line":23},"2":{"loc":{"start":{"line":26,"column":2},"end":{"line":28,"column":3}},"type":"if","locations":[{"start":{"line":26,"column":2},"end":{"line":28,"column":3}},{"start":{},"end":{}}],"line":26},"3":{"loc":{"start":{"line":29,"column":2},"end":{"line":31,"column":3}},"type":"if","locations":[{"start":{"line":29,"column":2},"end":{"line":31,"column":3}},{"start":{},"end":{}}],"line":29},"4":{"loc":{"start":{"line":35,"column":2},"end":{"line":37,"column":3}},"type":"if","locations":[{"start":{"line":35,"column":2},"end":{"line":37,"column":3}},{"start":{},"end":{}}],"line":35},"5":{"loc":{"start":{"line":50,"column":2},"end":{"line":52,"column":3}},"type":"if","locations":[{"start":{"line":50,"column":2},"end":{"line":52,"column":3}},{"start":{},"end":{}}],"line":50},"6":{"loc":{"start":{"line":50,"column":6},"end":{"line":50,"column":25}},"type":"binary-expr","locations":[{"start":{"line":50,"column":6},"end":{"line":50,"column":12}},{"start":{"line":50,"column":16},"end":{"line":50,"column":25}}],"line":50},"7":{"loc":{"start":{"line":55,"column":2},"end":{"line":57,"column":3}},"type":"if","locations":[{"start":{"line":55,"column":2},"end":{"line":57,"column":3}},{"start":{},"end":{}}],"line":55},"8":{"loc":{"start":{"line":60,"column":2},"end":{"line":62,"column":3}},"type":"if","locations":[{"start":{"line":60,"column":2},"end":{"line":62,"column":3}},{"start":{},"end":{}}],"line":60}},"s":{"0":1,"1":1,"2":1,"3":1,"4":1,"5":1,"6":1,"7":0,"8":1,"9":0,"10":1,"11":0,"12":1,"13":1,"14":0,"15":1,"16":1,"17":1,"18":1,"19":1,"20":0,"21":0,"22":0,"23":0,"24":0,"25":0,"26":0,"27":0,"28":1,"29":1},"f":{"0":1,"1":0},"b":{"0":[0,1],"1":[1,1],"2":[0,1],"3":[0,1],"4":[0,1],"5":[0,0],"6":[0,0],"7":[0,0],"8":[0,0]},"meta":{"lastBranch":9,"lastFunction":2,"lastStatement":30,"seen":{"s:1:17:1:36":0,"s:2:15:2:34":1,"s:3:18:3:38":2,"s:5:15:5:30":3,"s:7:19:17:2":4,"s:20:0:45:1":5,"f:20:28:20:33":0,"b:23:2:25:3:undefined:undefined:undefined:undefined":0,"s:23:2:25:3":6,"b:23:6:23:12:23:16:23:25":1,"s:24:4:24:44":7,"b:26:2:28:3:undefined:undefined:undefined:undefined":2,"s:26:2:28:3":8,"s:27:4:27:34":9,"b:29:2:31:3:undefined:undefined:undefined:undefined":3,"s:29:2:31:3":10,"s:30:4:30:45":11,"s:33:17:33:46":12,"b:35:2:37:3:undefined:undefined:undefined:undefined":4,"s:35:2:37:3":13,"s:36:4:36:39":14,"s:39:15:39:39":15,"s:40:15:40:48":16,"s:42:15:42:59":17,"s:44:2:44:13":18,"s:48:0:65:1":19,"f:48:27:48:32":1,"b:50:2:52:3:undefined:undefined:undefined:undefined":5,"s:50:2:52:3":20,"b:50:6:50:12:50:16:50:25":6,"s:51:4:51:44":21,"s:54:15:54:44":22,"b:55:2:57:3:undefined:undefined:undefined:undefined":7,"s:55:2:57:3":23,"s:56:4:56:34":24,"s:59:16:59:61":25,"b:60:2:62:3:undefined:undefined:undefined:undefined":8,"s:60:2:62:3":26,"s:61:4:61:37":27,"s:64:2:64:13":28,"s:67:0:67:51":29},"fnNames":{}}}
,"C:\\Users\\Stefan\\Desktop\\webCourses\\week6\\wen\\lab2\\week6-be-workout-v2\\models\\workoutModel.js": {"path":"C:\\Users\\Stefan\\Desktop\\webCourses\\week6\\wen\\lab2\\week6-be-workout-v2\\models\\workoutModel.js","statementMap":{"0":{"start":{"line":1,"column":17},"end":{"line":1,"column":36}},"1":{"start":{"line":3,"column":15},"end":{"line":3,"column":30}},"2":{"start":{"line":5,"column":22},"end":{"line":22,"column":24}},"3":{"start":{"line":24,"column":0},"end":{"line":24,"column":57}}},"fnMap":{},"branchMap":{},"s":{"0":1,"1":1,"2":1,"3":1},"f":{},"b":{},"meta":{"lastBranch":0,"lastFunction":0,"lastStatement":4,"seen":{"s:1:17:1:36":0,"s:3:15:3:30":1,"s:5:22:22:24":2,"s:24:0:24:57":3},"fnNames":{}}}
,"C:\\Users\\Stefan\\Desktop\\webCourses\\week6\\wen\\lab2\\week6-be-workout-v2\\routes\\user.js": {"path":"C:\\Users\\Stefan\\Desktop\\webCourses\\week6\\wen\\lab2\\week6-be-workout-v2\\routes\\user.js","statementMap":{"0":{"start":{"line":1,"column":16},"end":{"line":1,"column":34}},"1":{"start":{"line":4,"column":34},"end":{"line":4,"column":74}},"2":{"start":{"line":6,"column":15},"end":{"line":6,"column":31}},"3":{"start":{"line":9,"column":0},"end":{"line":9,"column":32}},"4":{"start":{"line":12,"column":0},"end":{"line":12,"column":34}},"5":{"start":{"line":14,"column":0},"end":{"line":14,"column":23}}},"fnMap":{},"branchMap":{},"s":{"0":1,"1":1,"2":1,"3":1,"4":1,"5":1},"f":{},"b":{},"meta":{"lastBranch":0,"lastFunction":0,"lastStatement":6,"seen":{"s:1:16:1:34":0,"s:4:34:4:74":1,"s:6:15:6:31":2,"s:9:0:9:32":3,"s:12:0:12:34":4,"s:14:0:14:23":5},"fnNames":{}}}
,"C:\\Users\\Stefan\\Desktop\\webCourses\\week6\\wen\\lab2\\week6-be-workout-v2\\routes\\workouts.js": {"path":"C:\\Users\\Stefan\\Desktop\\webCourses\\week6\\wen\\lab2\\week6-be-workout-v2\\routes\\workouts.js","statementMap":{"0":{"start":{"line":1,"column":16},"end":{"line":1,"column":34}},"1":{"start":{"line":8,"column":4},"end":{"line":8,"column":47}},"2":{"start":{"line":9,"column":20},"end":{"line":9,"column":56}},"3":{"start":{"line":11,"column":15},"end":{"line":11,"column":31}},"4":{"start":{"line":14,"column":0},"end":{"line":14,"column":23}},"5":{"start":{"line":17,"column":0},"end":{"line":17,"column":28}},"6":{"start":{"line":20,"column":0},"end":{"line":20,"column":30}},"7":{"start":{"line":23,"column":0},"end":{"line":23,"column":31}},"8":{"start":{"line":26,"column":0},"end":{"line":26,"column":36}},"9":{"start":{"line":29,"column":0},"end":{"line":29,"column":35}},"10":{"start":{"line":32,"column":0},"end":{"line":32,"column":23}}},"fnMap":{},"branchMap":{},"s":{"0":1,"1":1,"2":1,"3":1,"4":1,"5":1,"6":1,"7":1,"8":1,"9":1,"10":1},"f":{},"b":{},"meta":{"lastBranch":0,"lastFunction":0,"lastStatement":11,"seen":{"s:1:16:1:34":0,"s:8:4:8:47":1,"s:9:20:9:56":2,"s:11:15:11:31":3,"s:14:0:14:23":4,"s:17:0:17:28":5,"s:20:0:20:30":6,"s:23:0:23:31":7,"s:26:0:26:36":8,"s:29:0:29:35":9,"s:32:0:32:23":10},"fnNames":{}}}
,"C:\\Users\\Stefan\\Desktop\\webCourses\\week6\\wen\\lab2\\week6-be-workout-v2\\tests\\data\\workouts.js": {"path":"C:\\Users\\Stefan\\Desktop\\webCourses\\week6\\wen\\lab2\\week6-be-workout-v2\\tests\\data\\workouts.js","statementMap":{"0":{"start":{"line":1,"column":17},"end":{"line":22,"column":1}},"1":{"start":{"line":24,"column":0},"end":{"line":24,"column":26}}},"fnMap":{},"branchMap":{},"s":{"0":1,"1":1},"f":{},"b":{},"meta":{"lastBranch":0,"lastFunction":0,"lastStatement":2,"seen":{"s:1:17:22:1":0,"s:24:0:24:26":1},"fnNames":{}}}
,"C:\\Users\\Stefan\\Desktop\\webCourses\\week6\\wen\\lab2\\week6-be-workout-v2\\utils\\config.js": {"path":"C:\\Users\\Stefan\\Desktop\\webCourses\\week6\\wen\\lab2\\week6-be-workout-v2\\utils\\config.js","statementMap":{"0":{"start":{"line":1,"column":0},"end":{"line":1,"column":null}},"1":{"start":{"line":3,"column":13},"end":{"line":3,"column":null}},"2":{"start":{"line":4,"column":6},"end":{"line":7,"column":null}},"3":{"start":{"line":9,"column":0},"end":{"line":12,"column":null}}},"fnMap":{},"branchMap":{"0":{"loc":{"start":{"line":4,"column":6},"end":{"line":7,"column":null}},"type":"cond-expr","locations":[{"start":{"line":6,"column":6},"end":{"line":6,"column":null}},{"start":{"line":7,"column":6},"end":{"line":7,"column":null}}],"line":4}},"s":{"0":1,"1":1,"2":1,"3":0},"f":{},"b":{"0":[1,1]},"meta":{"lastBranch":1,"lastFunction":0,"lastStatement":4,"seen":{"s:1:0:1:Infinity":0,"s:3:13:3:Infinity":1,"s:4:6:7:Infinity":2,"b:6:6:6:Infinity:7:6:7:Infinity":0,"s:9:0:12:Infinity":3},"fnNames":{}}}
,"C:\\Users\\Stefan\\Desktop\\webCourses\\week6\\wen\\lab2\\week6-be-workout-v2\\utils\\logger.js": {"path":"C:\\Users\\Stefan\\Desktop\\webCourses\\week6\\wen\\lab2\\week6-be-workout-v2\\utils\\logger.js","statementMap":{"0":{"start":{"line":1,"column":6},"end":{"line":5,"column":null}},"1":{"start":{"line":2,"column":2},"end":{"line":4,"column":null}},"2":{"start":{"line":3,"column":4},"end":{"line":3,"column":null}},"3":{"start":{"line":7,"column":6},"end":{"line":11,"column":null}},"4":{"start":{"line":8,"column":2},"end":{"line":10,"column":null}},"5":{"start":{"line":9,"column":4},"end":{"line":9,"column":null}},"6":{"start":{"line":12,"column":0},"end":{"line":15,"column":null}}},"fnMap":{"0":{"name":"(anonymous_0)","decl":{"start":{"line":1,"column":6},"end":{"line":1,"column":14}},"loc":{"start":{"line":1,"column":28},"end":{"line":5,"column":null}},"line":1},"1":{"name":"(anonymous_1)","decl":{"start":{"line":7,"column":6},"end":{"line":7,"column":15}},"loc":{"start":{"line":7,"column":29},"end":{"line":11,"column":null}},"line":7}},"branchMap":{"0":{"loc":{"start":{"line":2,"column":2},"end":{"line":4,"column":null}},"type":"if","locations":[{"start":{"line":2,"column":2},"end":{"line":4,"column":null}},{"start":{},"end":{}}],"line":2},"1":{"loc":{"start":{"line":8,"column":2},"end":{"line":10,"column":null}},"type":"if","locations":[{"start":{"line":8,"column":2},"end":{"line":10,"column":null}},{"start":{},"end":{}}],"line":8}},"s":{"0":1,"1":39,"2":0,"3":1,"4":0,"5":0,"6":0},"f":{"0":39,"1":1},"b":{"0":[39,0],"1":[0,0]},"meta":{"lastBranch":2,"lastFunction":2,"lastStatement":7,"seen":{"s:1:6:5:Infinity":0,"f:1:6:1:14":0,"b:2:2:4:Infinity:undefined:undefined:undefined:undefined":0,"s:2:2:4:Infinity":1,"s:3:4:3:Infinity":2,"s:7:6:11:Infinity":3,"f:7:6:7:15":1,"b:8:2:10:Infinity:undefined:undefined:undefined:undefined":1,"s:8:2:10:Infinity":4,"s:9:4:9:Infinity":5,"s:12:0:15:Infinity":6},"fnNames":{}}}
}
